  Game.cpp
c:\users\a05\source\repos\project7\project7\mapdraw.h(24): warning C4005: 'BACKGROUND_RED': 매크로 재정의
  c:\program files (x86)\windows kits\10\include\10.0.17763.0\um\consoleapi2.h(41): note: 'BACKGROUND_RED'의 이전 정의를 참조하십시오.
c:\users\a05\source\repos\project7\project7\mapdraw.h(32): warning C4838: 'int'에서 'SHORT'(으)로의 변환에는 축소 변환이 필요합니다.
c:\users\a05\source\repos\project7\project7\game.cpp(6): warning C4996: 'sprintf': This function or variable may be unsafe. Consider using sprintf_s instead. To disable deprecation, use _CRT_SECURE_NO_WARNINGS. See online help for details.
  c:\program files (x86)\windows kits\10\include\10.0.17763.0\ucrt\stdio.h(1774): note: 'sprintf' 선언을 참조하십시오.
c:\users\a05\source\repos\project7\project7\game.cpp(28): warning C4996: 'kbhit': The POSIX name for this item is deprecated. Instead, use the ISO C and C++ conformant name: _kbhit. See online help for details.
  c:\program files (x86)\windows kits\10\include\10.0.17763.0\ucrt\conio.h(459): note: 'kbhit' 선언을 참조하십시오.
c:\users\a05\source\repos\project7\project7\game.cpp(30): warning C4996: 'getch': The POSIX name for this item is deprecated. Instead, use the ISO C and C++ conformant name: _getch. See online help for details.
  c:\program files (x86)\windows kits\10\include\10.0.17763.0\ucrt\conio.h(453): note: 'getch' 선언을 참조하십시오.
c:\users\a05\source\repos\project7\project7\game.cpp(70): warning C4996: 'getch': The POSIX name for this item is deprecated. Instead, use the ISO C and C++ conformant name: _getch. See online help for details.
  c:\program files (x86)\windows kits\10\include\10.0.17763.0\ucrt\conio.h(453): note: 'getch' 선언을 참조하십시오.
c:\users\a05\source\repos\project7\project7\game.cpp(80): warning C4996: 'getch': The POSIX name for this item is deprecated. Instead, use the ISO C and C++ conformant name: _getch. See online help for details.
  c:\program files (x86)\windows kits\10\include\10.0.17763.0\ucrt\conio.h(453): note: 'getch' 선언을 참조하십시오.
c:\users\a05\source\repos\project7\project7\game.cpp(19): warning C4101: 'tmp' :참조되지 않은 지역 변수입니다.
c:\users\a05\source\repos\project7\project7\game.cpp(184): warning C4244: '인수': 'double'에서 'int'(으)로 변환하면서 데이터가 손실될 수 있습니다.
c:\users\a05\source\repos\project7\project7\game.cpp(185): warning C4244: '인수': 'double'에서 'int'(으)로 변환하면서 데이터가 손실될 수 있습니다.
c:\users\a05\source\repos\project7\project7\game.cpp(186): warning C4244: '인수': 'double'에서 'int'(으)로 변환하면서 데이터가 손실될 수 있습니다.
c:\users\a05\source\repos\project7\project7\game.cpp(187): warning C4244: '인수': 'double'에서 'int'(으)로 변환하면서 데이터가 손실될 수 있습니다.
c:\users\a05\source\repos\project7\project7\game.cpp(188): warning C4244: '인수': 'double'에서 'int'(으)로 변환하면서 데이터가 손실될 수 있습니다.
c:\users\a05\source\repos\project7\project7\game.cpp(189): warning C4244: '인수': 'double'에서 'int'(으)로 변환하면서 데이터가 손실될 수 있습니다.
c:\users\a05\source\repos\project7\project7\game.cpp(225): warning C4244: '인수': 'time_t'에서 'unsigned int'(으)로 변환하면서 데이터가 손실될 수 있습니다.
  Project7.vcxproj -> C:\Users\A05\source\repos\Project7\Debug\Project7.exe
