  BattleCity.cpp
c:\users\a05\desktop\배틀시티\battlecity.cpp(6): warning C4244: '인수': 'time_t'에서 'unsigned int'(으)로 변환하면서 데이터가 손실될 수 있습니다.
c:\users\a05\desktop\배틀시티\battlecity.cpp(234): warning C4101: 'RandomMissile' :참조되지 않은 지역 변수입니다.
  Character.cpp
c:\users\a05\desktop\배틀시티\character.cpp(131): warning C4244: '=': 'double'에서 'int'(으)로 변환하면서 데이터가 손실될 수 있습니다.
c:\users\a05\desktop\배틀시티\character.cpp(149): warning C4244: '=': 'double'에서 'int'(으)로 변환하면서 데이터가 손실될 수 있습니다.
c:\users\a05\desktop\배틀시티\character.cpp(168): warning C4244: '=': 'double'에서 'int'(으)로 변환하면서 데이터가 손실될 수 있습니다.
c:\users\a05\desktop\배틀시티\character.cpp(186): warning C4244: '=': 'double'에서 'int'(으)로 변환하면서 데이터가 손실될 수 있습니다.
c:\users\a05\desktop\배틀시티\character.cpp(323): warning C4244: '=': 'double'에서 'int'(으)로 변환하면서 데이터가 손실될 수 있습니다.
c:\users\a05\desktop\배틀시티\character.cpp(329): warning C4244: '=': 'double'에서 'int'(으)로 변환하면서 데이터가 손실될 수 있습니다.
c:\users\a05\desktop\배틀시티\character.cpp(353): warning C4244: '=': 'double'에서 'int'(으)로 변환하면서 데이터가 손실될 수 있습니다.
c:\users\a05\desktop\배틀시티\character.cpp(371): warning C4244: '=': 'double'에서 'int'(으)로 변환하면서 데이터가 손실될 수 있습니다.
c:\users\a05\desktop\배틀시티\character.cpp(390): warning C4244: '=': 'double'에서 'int'(으)로 변환하면서 데이터가 손실될 수 있습니다.
c:\users\a05\desktop\배틀시티\character.cpp(408): warning C4244: '=': 'double'에서 'int'(으)로 변환하면서 데이터가 손실될 수 있습니다.
c:\users\a05\desktop\배틀시티\character.cpp(343): warning C4101: 'ChangeMove' :참조되지 않은 지역 변수입니다.
  GameMap.cpp
  Missile.cpp
c:\users\a05\desktop\배틀시티\missile.cpp(55): warning C4244: '=': 'double'에서 'int'(으)로 변환하면서 데이터가 손실될 수 있습니다.
c:\users\a05\desktop\배틀시티\missile.cpp(73): warning C4244: '=': 'double'에서 'int'(으)로 변환하면서 데이터가 손실될 수 있습니다.
c:\users\a05\desktop\배틀시티\missile.cpp(92): warning C4244: '=': 'double'에서 'int'(으)로 변환하면서 데이터가 손실될 수 있습니다.
c:\users\a05\desktop\배틀시티\missile.cpp(110): warning C4244: '=': 'double'에서 'int'(으)로 변환하면서 데이터가 손실될 수 있습니다.
  WinMain.cpp
c:\users\a05\desktop\배틀시티\winmain.cpp(61): warning C4101: 'Counter' :참조되지 않은 지역 변수입니다.
  코드를 생성하고 있습니다...
c:\users\a05\desktop\배틀시티\missile.cpp(151): warning C4715: 'Missile::SetMissileImage': 모든 제어 경로에서 값을 반환하지는 않습니다.
c:\users\a05\desktop\배틀시티\character.cpp(79): warning C4715: 'Character::MakeMissile': 모든 제어 경로에서 값을 반환하지는 않습니다.
  Project1.vcxproj -> C:\Users\A05\Desktop\배틀시티\Debug\Project1.exe
